\BOOKMARK [1][-]{section*.1}{\376\377\000A\000b\000s\000t\000r\000a\000c\000t}{}% 1
\BOOKMARK [1][-]{section.1}{\376\377\0001\000\040\000I\000n\000t\000r\000o\000d\000u\000c\000t\000i\000o\000n}{}% 2
\BOOKMARK [1][-]{section.2}{\376\377\0002\000\040\000U\000p\000d\000a\000t\000e\000d\000\040\000R\000e\000s\000e\000a\000r\000c\000h\000\040\000Q\000u\000e\000s\000t\000i\000o\000n\000s}{}% 3
\BOOKMARK [1][-]{section.3}{\376\377\0003\000\040\000P\000r\000o\000p\000o\000s\000e\000d\000\040\000E\000x\000p\000e\000r\000i\000m\000e\000n\000t\000a\000l\000\040\000S\000e\000t\000u\000p}{}% 4
\BOOKMARK [2][-]{subsection.3.1}{\376\377\0003\000.\0001\000\040\000D\000a\000t\000a\000s\000e\000t}{section.3}% 5
\BOOKMARK [2][-]{subsection.3.2}{\376\377\0003\000.\0002\000\040\000M\000o\000d\000e\000l\000s}{section.3}% 6
\BOOKMARK [1][-]{section.4}{\376\377\0004\000\040\000P\000r\000e\000p\000r\000o\000c\000e\000s\000s\000i\000n\000g\000\040\000a\000n\000d\000\040\000S\000p\000l\000i\000t\000t\000i\000n\000g\000\040\000S\000t\000r\000a\000t\000e\000g\000y}{}% 7
\BOOKMARK [1][-]{section.5}{\376\377\0005\000\040\000E\000d\000g\000e\000-\000C\000a\000s\000e\000\040\000U\000s\000e\000r\000\040\000C\000o\000n\000s\000t\000r\000u\000c\000t\000i\000o\000n}{}% 8
\BOOKMARK [2][-]{subsection.5.1}{\376\377\0005\000.\0001\000\040\000N\000i\000c\000h\000e\000\040\000U\000s\000e\000r\000s}{section.5}% 9
\BOOKMARK [2][-]{subsection.5.2}{\376\377\0005\000.\0002\000\040\000P\000e\000r\000t\000u\000r\000b\000a\000t\000i\000o\000n\000-\000B\000a\000s\000e\000d\000\040\000U\000s\000e\000r\000s}{section.5}% 10
\BOOKMARK [1][-]{section.6}{\376\377\0006\000\040\000E\000v\000a\000l\000u\000a\000t\000i\000o\000n\000\040\000P\000r\000o\000t\000o\000c\000o\000l\000\040\000a\000n\000d\000\040\000M\000e\000t\000r\000i\000c\000s}{}% 11
\BOOKMARK [2][-]{subsection.6.1}{\376\377\0006\000.\0001\000\040\000S\000t\000a\000n\000d\000a\000r\000d\000\040\000R\000a\000n\000k\000i\000n\000g\000\040\000M\000e\000t\000r\000i\000c\000s}{section.6}% 12
\BOOKMARK [2][-]{subsection.6.2}{\376\377\0006\000.\0002\000\040\000S\000u\000b\000g\000r\000o\000u\000p\000\040\000P\000e\000r\000f\000o\000r\000m\000a\000n\000c\000e}{section.6}% 13
\BOOKMARK [2][-]{subsection.6.3}{\376\377\0006\000.\0003\000\040\000R\000o\000b\000u\000s\000t\000n\000e\000s\000s\000\040\000a\000n\000d\000\040\000S\000t\000a\000b\000i\000l\000i\000t\000y\000\040\000M\000e\000t\000r\000i\000c\000s}{section.6}% 14
\BOOKMARK [2][-]{subsection.6.4}{\376\377\0006\000.\0004\000\040\000P\000o\000p\000u\000l\000a\000r\000i\000t\000y\000\040\000B\000i\000a\000s\000\040\000a\000n\000d\000\040\000N\000i\000c\000h\000e\000\040\000A\000l\000i\000g\000n\000m\000e\000n\000t}{section.6}% 15
\BOOKMARK [1][-]{section.7}{\376\377\0007\000\040\000A\000b\000l\000a\000t\000i\000o\000n\000\040\000S\000t\000u\000d\000y}{}% 16
\BOOKMARK [1][-]{section.8}{\376\377\0008\000\040\000P\000o\000t\000e\000n\000t\000i\000a\000l\000\040\000C\000h\000a\000l\000l\000e\000n\000g\000e\000s\000\040\000a\000n\000d\000\040\000M\000i\000t\000i\000g\000a\000t\000i\000o\000n\000\040\000S\000t\000r\000a\000t\000e\000g\000i\000e\000s}{}% 17
\BOOKMARK [1][-]{section.9}{\376\377\0009\000\040\000O\000v\000e\000r\000a\000l\000l\000\040\000E\000x\000p\000e\000r\000i\000m\000e\000n\000t\000a\000l\000\040\000P\000i\000p\000e\000l\000i\000n\000e}{}% 18
\BOOKMARK [1][-]{section.10}{\376\377\0001\0000\000\040\000E\000x\000p\000e\000c\000t\000e\000d\000\040\000O\000u\000t\000c\000o\000m\000e\000s}{}% 19
\BOOKMARK [1][-]{section.11}{\376\377\0001\0001\000\040\000D\000i\000s\000c\000l\000o\000s\000u\000r\000e\000\040\000o\000f\000\040\000L\000L\000M\000\040\000A\000s\000s\000i\000s\000t\000a\000n\000c\000e}{}% 20
